<?xml version="1.0" encoding="UTF-8"?>
<robot generator="Robot 3.1.2 (Python 3.8.2 on win32)" generated="20200311 16:08:00.557" rpa="false">
<suite id="s1" name="TC2" source="D:\Automation training\Robot Framework\RobotFramework\RobotFramework\TestCase\TC2.robot">
<test id="s1-t1" name="Buscar nombre de google">
<kw name="Open Browser" library="Selenium2Library">
<doc>Opens a new browser instance to the optional ``url``.</doc>
<arguments>
<arg>https://www.google.com</arg>
<arg>chrome</arg>
</arguments>
<msg timestamp="20200311 16:08:00.829" level="INFO">Opening browser 'chrome' to base url 'https://www.google.com'.</msg>
<status status="PASS" starttime="20200311 16:08:00.829" endtime="20200311 16:08:05.029"></status>
</kw>
<kw name="Input Text" library="Selenium2Library">
<doc>Types the given ``text`` into the text field identified by ``locator``.</doc>
<arguments>
<arg>name:q</arg>
<arg>cucumber</arg>
</arguments>
<msg timestamp="20200311 16:08:05.029" level="INFO">Typing text 'cucumber' into text field 'name:q'.</msg>
<status status="PASS" starttime="20200311 16:08:05.029" endtime="20200311 16:08:05.161"></status>
</kw>
<kw name="Execute Javascript" library="Selenium2Library">
<doc>Executes the given JavaScript code with possible arguments.</doc>
<arguments>
<arg>document.querySelector('.gNO89b').click()</arg>
</arguments>
<msg timestamp="20200311 16:08:05.165" level="INFO">Executing JavaScript:
document.querySelector('.gNO89b').click()
Without any arguments.</msg>
<status status="PASS" starttime="20200311 16:08:05.165" endtime="20200311 16:08:07.498"></status>
</kw>
<kw name="Wait Until Page Contains" library="Selenium2Library">
<doc>Waits until ``text`` appears on the current page.</doc>
<arguments>
<arg>cucumber</arg>
</arguments>
<status status="PASS" starttime="20200311 16:08:07.498" endtime="20200311 16:08:07.590"></status>
</kw>
<kw name="Close All Browsers" library="Selenium2Library">
<doc>Closes all open browsers and resets the browser cache.</doc>
<status status="PASS" starttime="20200311 16:08:07.590" endtime="20200311 16:08:09.805"></status>
</kw>
<status status="PASS" starttime="20200311 16:08:00.829" endtime="20200311 16:08:09.805" critical="yes"></status>
</test>
<status status="PASS" starttime="20200311 16:08:00.557" endtime="20200311 16:08:09.809"></status>
</suite>
<statistics>
<total>
<stat pass="1" fail="0">Critical Tests</stat>
<stat pass="1" fail="0">All Tests</stat>
</total>
<tag>
</tag>
<suite>
<stat pass="1" fail="0" id="s1" name="TC2">TC2</stat>
</suite>
</statistics>
<errors>
</errors>
</robot>
